# JRE version: OpenJDK Runtime Environment Temurin-21.0.9+10 (21.0.9+10) (build 21.0.9+10-LTS)
# Java VM: OpenJDK 64-Bit Server VM Temurin-21.0.9+10 (21.0.9+10-LTS, mixed mode, sharing, tiered, compressed oops, compressed class ptrs, parallel gc, windows-amd64)
GC Precious Log:
 CardTable entry size: 512
 CPUs: 8 total, 8 available
 Memory: 8035M
 Large Page Support: Disabled
 NUMA Support: Disabled
 Compressed Oops: Enabled (32-bit)
 Alignments: Space 512K, Generation 512K, Heap 2M
 Heap Min Capacity: 100M
 Heap Initial Capacity: 100M
 Heap Max Capacity: 2G
 Pre-touch: Disabled
 Parallel Workers: 8
Heap:
 PSYoungGen      total 21504K, used 13619K [0x00000000d5580000, 0x00000000d6c80000, 0x0000000100000000)
  eden space 19456K, 61% used [0x00000000d5580000,0x00000000d612e3e8,0x00000000d6880000)
  from space 2048K, 80% used [0x00000000d6880000,0x00000000d6a1ea58,0x00000000d6a80000)
  to   space 2048K, 0% used [0x00000000d6a80000,0x00000000d6a80000,0x00000000d6c80000)
 ParOldGen       total 68608K, used 47720K [0x0000000080000000, 0x0000000084300000, 0x00000000d5580000)
  object space 68608K, 69% used [0x0000000080000000,0x0000000082e9a070,0x0000000084300000)
 Metaspace       used 59929K, committed 61248K, reserved 1114112K
  class space    used 6588K, committed 7168K, reserved 1048576K
GC Heap History (20 events):
Event: 50.761 GC heap before
{Heap before GC invocations=31 (full 2):
 PSYoungGen      total 23552K, used 23053K [0x00000000d5580000, 0x00000000d6e80000, 0x0000000100000000)
  eden space 21504K, 99% used [0x00000000d5580000,0x00000000d6a7ffc8,0x00000000d6a80000)
  from space 2048K, 75% used [0x00000000d6c80000,0x00000000d6e03510,0x00000000d6e80000)
  to   space 2048K, 0% used [0x00000000d6a80000,0x00000000d6a80000,0x00000000d6c80000)
 ParOldGen       total 68608K, used 36168K [0x0000000080000000, 0x0000000084300000, 0x00000000d5580000)
  object space 68608K, 52% used [0x0000000080000000,0x0000000082352358,0x0000000084300000)
 Metaspace       used 58258K, committed 59520K, reserved 1114112K
  class space    used 6365K, committed 6912K, reserved 1048576K
}
Event: 50.765 GC heap after
{Heap after GC invocations=31 (full 2):
 PSYoungGen      total 23552K, used 1821K [0x00000000d5580000, 0x00000000d6e80000, 0x0000000100000000)
  eden space 21504K, 0% used [0x00000000d5580000,0x00000000d5580000,0x00000000d6a80000)
  from space 2048K, 88% used [0x00000000d6a80000,0x00000000d6c476e0,0x00000000d6c80000)
  to   space 2048K, 0% used [0x00000000d6c80000,0x00000000d6c80000,0x00000000d6e80000)
 ParOldGen       total 68608K, used 37609K [0x0000000080000000, 0x0000000084300000, 0x00000000d5580000)
  object space 68608K, 54% used [0x0000000080000000,0x00000000824ba5a0,0x0000000084300000)
 Metaspace       used 58258K, committed 59520K, reserved 1114112K
  class space    used 6365K, committed 6912K, reserved 1048576K
}
Event: 50.908 GC heap before
{Heap before GC invocations=32 (full 2):
 PSYoungGen      total 23552K, used 23323K [0x00000000d5580000, 0x00000000d6e80000, 0x0000000100000000)
  eden space 21504K, 99% used [0x00000000d5580000,0x00000000d6a7f5f0,0x00000000d6a80000)
  from space 2048K, 88% used [0x00000000d6a80000,0x00000000d6c476e0,0x00000000d6c80000)
  to   space 2048K, 0% used [0x00000000d6c80000,0x00000000d6c80000,0x00000000d6e80000)
 ParOldGen       total 68608K, used 37609K [0x0000000080000000, 0x0000000084300000, 0x00000000d5580000)
  object space 68608K, 54% used [0x0000000080000000,0x00000000824ba5a0,0x0000000084300000)
 Metaspace       used 58312K, committed 59648K, reserved 1114112K
  class space    used 6372K, committed 6976K, reserved 1048576K
}
Event: 50.912 GC heap after
{Heap after GC invocations=32 (full 2):
 PSYoungGen      total 21504K, used 2016K [0x00000000d5580000, 0x00000000d7280000, 0x0000000100000000)
  eden space 19456K, 0% used [0x00000000d5580000,0x00000000d5580000,0x00000000d6880000)
  from space 2048K, 98% used [0x00000000d6c80000,0x00000000d6e78010,0x00000000d6e80000)
  to   space 4096K, 0% used [0x00000000d6880000,0x00000000d6880000,0x00000000d6c80000)
 ParOldGen       total 68608K, used 39266K [0x0000000080000000, 0x0000000084300000, 0x00000000d5580000)
  object space 68608K, 57% used [0x0000000080000000,0x0000000082658a68,0x0000000084300000)
 Metaspace       used 58312K, committed 59648K, reserved 1114112K
  class space    used 6372K, committed 6976K, reserved 1048576K
}
Event: 51.110 GC heap before
{Heap before GC invocations=33 (full 2):
 PSYoungGen      total 21504K, used 12309K [0x00000000d5580000, 0x00000000d7280000, 0x0000000100000000)
  eden space 19456K, 52% used [0x00000000d5580000,0x00000000d5f8d468,0x00000000d6880000)
  from space 2048K, 98% used [0x00000000d6c80000,0x00000000d6e78010,0x00000000d6e80000)
  to   space 4096K, 0% used [0x00000000d6880000,0x00000000d6880000,0x00000000d6c80000)
 ParOldGen       total 68608K, used 39266K [0x0000000080000000, 0x0000000084300000, 0x00000000d5580000)
  object space 68608K, 57% used [0x0000000080000000,0x0000000082658a68,0x0000000084300000)
 Metaspace       used 58493K, committed 59776K, reserved 1114112K
  class space    used 6396K, committed 6976K, reserved 1048576K
}
Event: 51.121 GC heap after
{Heap after GC invocations=33 (full 2):
 PSYoungGen      total 23552K, used 1474K [0x00000000d5580000, 0x00000000d6f80000, 0x0000000100000000)
  eden space 19456K, 0% used [0x00000000d5580000,0x00000000d5580000,0x00000000d6880000)
  from space 4096K, 35% used [0x00000000d6880000,0x00000000d69f0820,0x00000000d6c80000)
  to   space 2560K, 0% used [0x00000000d6d00000,0x00000000d6d00000,0x00000000d6f80000)
 ParOldGen       total 68608K, used 41226K [0x0000000080000000, 0x0000000084300000, 0x00000000d5580000)
  object space 68608K, 60% used [0x0000000080000000,0x0000000082842a78,0x0000000084300000)
 Metaspace       used 58493K, committed 59776K, reserved 1114112K
  class space    used 6396K, committed 6976K, reserved 1048576K
}
Event: 51.121 GC heap before
{Heap before GC invocations=34 (full 3):
 PSYoungGen      total 23552K, used 1474K [0x00000000d5580000, 0x00000000d6f80000, 0x0000000100000000)
  eden space 19456K, 0% used [0x00000000d5580000,0x00000000d5580000,0x00000000d6880000)
  from space 4096K, 35% used [0x00000000d6880000,0x00000000d69f0820,0x00000000d6c80000)
  to   space 2560K, 0% used [0x00000000d6d00000,0x00000000d6d00000,0x00000000d6f80000)
 ParOldGen       total 68608K, used 41226K [0x0000000080000000, 0x0000000084300000, 0x00000000d5580000)
  object space 68608K, 60% used [0x0000000080000000,0x0000000082842a78,0x0000000084300000)
 Metaspace       used 58493K, committed 59776K, reserved 1114112K
  class space    used 6396K, committed 6976K, reserved 1048576K
}
Event: 51.323 GC heap after
{Heap after GC invocations=34 (full 3):
 PSYoungGen      total 23552K, used 0K [0x00000000d5580000, 0x00000000d6f80000, 0x0000000100000000)
  eden space 19456K, 0% used [0x00000000d5580000,0x00000000d5580000,0x00000000d6880000)
  from space 4096K, 0% used [0x00000000d6880000,0x00000000d6880000,0x00000000d6c80000)
  to   space 2560K, 0% used [0x00000000d6d00000,0x00000000d6d00000,0x00000000d6f80000)
 ParOldGen       total 68608K, used 38134K [0x0000000080000000, 0x0000000084300000, 0x00000000d5580000)
  object space 68608K, 55% used [0x0000000080000000,0x000000008253d9f8,0x0000000084300000)
 Metaspace       used 58493K, committed 59776K, reserved 1114112K
  class space    used 6396K, committed 6976K, reserved 1048576K
}
Event: 51.646 GC heap before
{Heap before GC invocations=35 (full 3):
 PSYoungGen      total 23552K, used 19456K [0x00000000d5580000, 0x00000000d6f80000, 0x0000000100000000)
  eden space 19456K, 100% used [0x00000000d5580000,0x00000000d6880000,0x00000000d6880000)
  from space 4096K, 0% used [0x00000000d6880000,0x00000000d6880000,0x00000000d6c80000)
  to   space 2560K, 0% used [0x00000000d6d00000,0x00000000d6d00000,0x00000000d6f80000)
 ParOldGen       total 68608K, used 38134K [0x0000000080000000, 0x0000000084300000, 0x00000000d5580000)
  object space 68608K, 55% used [0x0000000080000000,0x000000008253d9f8,0x0000000084300000)
 Metaspace       used 59084K, committed 60352K, reserved 1114112K
  class space    used 6482K, committed 7040K, reserved 1048576K
}
Event: 51.649 GC heap after
{Heap after GC invocations=35 (full 3):
 PSYoungGen      total 21504K, used 1792K [0x00000000d5580000, 0x00000000d6f00000, 0x0000000100000000)
  eden space 19456K, 0% used [0x00000000d5580000,0x00000000d5580000,0x00000000d6880000)
  from space 2048K, 87% used [0x00000000d6d00000,0x00000000d6ec0040,0x00000000d6f00000)
  to   space 2048K, 0% used [0x00000000d6b00000,0x00000000d6b00000,0x00000000d6d00000)
 ParOldGen       total 68608K, used 38134K [0x0000000080000000, 0x0000000084300000, 0x00000000d5580000)
  object space 68608K, 55% used [0x0000000080000000,0x000000008253d9f8,0x0000000084300000)
 Metaspace       used 59084K, committed 60352K, reserved 1114112K
  class space    used 6482K, committed 7040K, reserved 1048576K
}
Event: 51.844 GC heap before
{Heap before GC invocations=36 (full 3):
 PSYoungGen      total 21504K, used 21248K [0x00000000d5580000, 0x00000000d6f00000, 0x0000000100000000)
  eden space 19456K, 100% used [0x00000000d5580000,0x00000000d6880000,0x00000000d6880000)
  from space 2048K, 87% used [0x00000000d6d00000,0x00000000d6ec0040,0x00000000d6f00000)
  to   space 2048K, 0% used [0x00000000d6b00000,0x00000000d6b00000,0x00000000d6d00000)
 ParOldGen       total 68608K, used 38134K [0x0000000080000000, 0x0000000084300000, 0x00000000d5580000)
  object space 68608K, 55% used [0x0000000080000000,0x000000008253d9f8,0x0000000084300000)
 Metaspace       used 59162K, committed 60416K, reserved 1114112K
  class space    used 6493K, committed 7040K, reserved 1048576K
}
Event: 51.854 GC heap after
{Heap after GC invocations=36 (full 3):
 PSYoungGen      total 21504K, used 1920K [0x00000000d5580000, 0x00000000d6d80000, 0x0000000100000000)
  eden space 19456K, 0% used [0x00000000d5580000,0x00000000d5580000,0x00000000d6880000)
  from space 2048K, 93% used [0x00000000d6b00000,0x00000000d6ce0000,0x00000000d6d00000)
  to   space 512K, 0% used [0x00000000d6d00000,0x00000000d6d00000,0x00000000d6d80000)
 ParOldGen       total 68608K, used 39770K [0x0000000080000000, 0x0000000084300000, 0x00000000d5580000)
  object space 68608K, 57% used [0x0000000080000000,0x00000000826d6b60,0x0000000084300000)
 Metaspace       used 59162K, committed 60416K, reserved 1114112K
  class space    used 6493K, committed 7040K, reserved 1048576K
}
Event: 52.095 GC heap before
{Heap before GC invocations=37 (full 3):
 PSYoungGen      total 21504K, used 21376K [0x00000000d5580000, 0x00000000d6d80000, 0x0000000100000000)
  eden space 19456K, 100% used [0x00000000d5580000,0x00000000d6880000,0x00000000d6880000)
  from space 2048K, 93% used [0x00000000d6b00000,0x00000000d6ce0000,0x00000000d6d00000)
  to   space 512K, 0% used [0x00000000d6d00000,0x00000000d6d00000,0x00000000d6d80000)
 ParOldGen       total 68608K, used 39772K [0x0000000080000000, 0x0000000084300000, 0x00000000d5580000)
  object space 68608K, 57% used [0x0000000080000000,0x00000000826d71b0,0x0000000084300000)
 Metaspace       used 59216K, committed 60480K, reserved 1114112K
  class space    used 6505K, committed 7040K, reserved 1048576K
}
Event: 52.101 GC heap after
{Heap after GC invocations=37 (full 3):
 PSYoungGen      total 19968K, used 512K [0x00000000d5580000, 0x00000000d7080000, 0x0000000100000000)
  eden space 19456K, 0% used [0x00000000d5580000,0x00000000d5580000,0x00000000d6880000)
  from space 512K, 100% used [0x00000000d6d00000,0x00000000d6d80000,0x00000000d6d80000)
  to   space 4096K, 0% used [0x00000000d6880000,0x00000000d6880000,0x00000000d6c80000)
 ParOldGen       total 68608K, used 42939K [0x0000000080000000, 0x0000000084300000, 0x00000000d5580000)
  object space 68608K, 62% used [0x0000000080000000,0x00000000829eec00,0x0000000084300000)
 Metaspace       used 59216K, committed 60480K, reserved 1114112K
  class space    used 6505K, committed 7040K, reserved 1048576K
}
Event: 52.212 GC heap before
{Heap before GC invocations=38 (full 3):
 PSYoungGen      total 19968K, used 19968K [0x00000000d5580000, 0x00000000d7080000, 0x0000000100000000)
  eden space 19456K, 100% used [0x00000000d5580000,0x00000000d6880000,0x00000000d6880000)
  from space 512K, 100% used [0x00000000d6d00000,0x00000000d6d80000,0x00000000d6d80000)
  to   space 4096K, 0% used [0x00000000d6880000,0x00000000d6880000,0x00000000d6c80000)
 ParOldGen       total 68608K, used 42941K [0x0000000080000000, 0x0000000084300000, 0x00000000d5580000)
  object space 68608K, 62% used [0x0000000080000000,0x00000000829ef428,0x0000000084300000)
 Metaspace       used 59341K, committed 60608K, reserved 1114112K
  class space    used 6523K, committed 7104K, reserved 1048576K
}
Event: 52.218 GC heap after
{Heap after GC invocations=38 (full 3):
 PSYoungGen      total 21504K, used 1984K [0x00000000d5580000, 0x00000000d6e80000, 0x0000000100000000)
  eden space 19456K, 0% used [0x00000000d5580000,0x00000000d5580000,0x00000000d6880000)
  from space 2048K, 96% used [0x00000000d6880000,0x00000000d6a70010,0x00000000d6a80000)
  to   space 3072K, 0% used [0x00000000d6b80000,0x00000000d6b80000,0x00000000d6e80000)
 ParOldGen       total 68608K, used 43482K [0x0000000080000000, 0x0000000084300000, 0x00000000d5580000)
  object space 68608K, 63% used [0x0000000080000000,0x0000000082a76950,0x0000000084300000)
 Metaspace       used 59341K, committed 60608K, reserved 1114112K
  class space    used 6523K, committed 7104K, reserved 1048576K
}
Event: 52.373 GC heap before
{Heap before GC invocations=39 (full 3):
 PSYoungGen      total 21504K, used 21440K [0x00000000d5580000, 0x00000000d6e80000, 0x0000000100000000)
  eden space 19456K, 100% used [0x00000000d5580000,0x00000000d6880000,0x00000000d6880000)
  from space 2048K, 96% used [0x00000000d6880000,0x00000000d6a70010,0x00000000d6a80000)
  to   space 3072K, 0% used [0x00000000d6b80000,0x00000000d6b80000,0x00000000d6e80000)
 ParOldGen       total 68608K, used 43482K [0x0000000080000000, 0x0000000084300000, 0x00000000d5580000)
  object space 68608K, 63% used [0x0000000080000000,0x0000000082a76950,0x0000000084300000)
 Metaspace       used 59513K, committed 60800K, reserved 1114112K
  class space    used 6534K, committed 7104K, reserved 1048576K
}
Event: 52.379 GC heap after
{Heap after GC invocations=39 (full 3):
 PSYoungGen      total 21504K, used 1802K [0x00000000d5580000, 0x00000000d6d80000, 0x0000000100000000)
  eden space 19456K, 0% used [0x00000000d5580000,0x00000000d5580000,0x00000000d6880000)
  from space 2048K, 88% used [0x00000000d6b80000,0x00000000d6d42aa8,0x00000000d6d80000)
  to   space 2048K, 0% used [0x00000000d6880000,0x00000000d6880000,0x00000000d6a80000)
 ParOldGen       total 68608K, used 45322K [0x0000000080000000, 0x0000000084300000, 0x00000000d5580000)
  object space 68608K, 66% used [0x0000000080000000,0x0000000082c42960,0x0000000084300000)
 Metaspace       used 59513K, committed 60800K, reserved 1114112K
  class space    used 6534K, committed 7104K, reserved 1048576K
}
Event: 52.744 GC heap before
{Heap before GC invocations=40 (full 3):
 PSYoungGen      total 21504K, used 21240K [0x00000000d5580000, 0x00000000d6d80000, 0x0000000100000000)
  eden space 19456K, 99% used [0x00000000d5580000,0x00000000d687b5d0,0x00000000d6880000)
  from space 2048K, 88% used [0x00000000d6b80000,0x00000000d6d42aa8,0x00000000d6d80000)
  to   space 2048K, 0% used [0x00000000d6880000,0x00000000d6880000,0x00000000d6a80000)
 ParOldGen       total 68608K, used 46103K [0x0000000080000000, 0x0000000084300000, 0x00000000d5580000)
  object space 68608K, 67% used [0x0000000080000000,0x0000000082d05e70,0x0000000084300000)
 Metaspace       used 59783K, committed 61056K, reserved 1114112K
  class space    used 6555K, committed 7104K, reserved 1048576K
}
Event: 52.749 GC heap after
{Heap after GC invocations=40 (full 3):
 PSYoungGen      total 21504K, used 1658K [0x00000000d5580000, 0x00000000d6c80000, 0x0000000100000000)
  eden space 19456K, 0% used [0x00000000d5580000,0x00000000d5580000,0x00000000d6880000)
  from space 2048K, 80% used [0x00000000d6880000,0x00000000d6a1ea58,0x00000000d6a80000)
  to   space 2048K, 0% used [0x00000000d6a80000,0x00000000d6a80000,0x00000000d6c80000)
 ParOldGen       total 68608K, used 47720K [0x0000000080000000, 0x0000000084300000, 0x00000000d5580000)
  object space 68608K, 69% used [0x0000000080000000,0x0000000082e9a070,0x0000000084300000)
 Metaspace       used 59783K, committed 61056K, reserved 1114112K
  class space    used 6555K, committed 7104K, reserved 1048576K
}

